<?xml version="1.0" encoding="UTF-8"?>
<!-- Generated by org.testng.reporters.JUnitReportReporter -->
<testsuite hostname="FIC-I7KL93" failures="0" tests="6" name="com.evaa.chatbot.RescheduleAppointmentTest" time="0.000" errors="0" timestamp="2025-06-17T17:37:13 IST" skipped="6">
  <testcase classname="com.evaa.chatbot.RescheduleAppointmentTest" name="Enable_Reschedule_from_admin" time="0.000">
    <skipped/>
  </testcase> <!-- Enable_Reschedule_from_admin -->
  <system-out/>
  <testcase classname="com.evaa.chatbot.RescheduleAppointmentTest" name="Test_Reschedule_an_appointment_for_new_user" time="0.000">
    <skipped/>
  </testcase> <!-- Test_Reschedule_an_appointment_for_new_user -->
  <system-out/>
  <testcase classname="com.evaa.chatbot.RescheduleAppointmentTest" name="bookAppointment" time="0.000">
    <skipped/>
  </testcase> <!-- bookAppointment -->
  <system-out/>
  <testcase classname="com.evaa.chatbot.RescheduleAppointmentTest" name="RescheduleAppointmentforExistingUser" time="0.000">
    <skipped/>
  </testcase> <!-- RescheduleAppointmentforExistingUser -->
  <system-out/>
  <testcase classname="com.evaa.chatbot.RescheduleAppointmentTest" name="Disable_Reschedule_from_admin" time="0.000">
    <skipped/>
  </testcase> <!-- Disable_Reschedule_from_admin -->
  <system-out/>
  <testcase classname="com.evaa.chatbot.RescheduleAppointmentTest" name="TestRescheduleAppointmentDisabled" time="0.000">
    <skipped/>
  </testcase> <!-- TestRescheduleAppointmentDisabled -->
  <system-out/>
</testsuite> <!-- com.evaa.chatbot.RescheduleAppointmentTest -->
