<?xml version="1.0" encoding="UTF-8"?>
<!-- Generated by org.testng.reporters.JUnitReportReporter -->
<testsuite hostname="FIC-I7KL93" failures="0" tests="4" name="com.evaa.chatbot.BookAppointmentSuccessfullyTest" time="0.000" errors="0" timestamp="2025-06-17T17:37:13 IST" skipped="4">
  <testcase classname="com.evaa.chatbot.BookAppointmentSuccessfullyTest" name="Disable_ensurance_required_from_admin" time="0.000">
    <skipped/>
  </testcase> <!-- Disable_ensurance_required_from_admin -->
  <system-out/>
  <testcase classname="com.evaa.chatbot.BookAppointmentSuccessfullyTest" name="Test_book_appointment_without_insurance" time="0.000">
    <skipped/>
  </testcase> <!-- Test_book_appointment_without_insurance -->
  <system-out/>
  <testcase classname="com.evaa.chatbot.BookAppointmentSuccessfullyTest" name="While_booking_an_appointment_clicking_No_should_display_a_message_with_a_Contact_Us_link" time="0.000">
    <skipped/>
  </testcase> <!-- While_booking_an_appointment_clicking_No_should_display_a_message_with_a_Contact_Us_link -->
  <system-out/>
  <testcase classname="com.evaa.chatbot.BookAppointmentSuccessfullyTest" name="verify_detail_on_maximeyes_site">
    <skipped/>
  </testcase> <!-- verify_detail_on_maximeyes_site -->
  <system-out/>
</testsuite> <!-- com.evaa.chatbot.BookAppointmentSuccessfullyTest -->
