<?xml version="1.0" encoding="UTF-8"?>
<!-- Generated by org.testng.reporters.JUnitReportReporter -->
<testsuite hostname="FIC-I7KL93" failures="0" tests="1" name="com.evaa.chat.test.book_appointment_suceessfuly" time="21.353" errors="0" timestamp="2025-05-23T17:24:41 IST" skipped="0">
  <testcase classname="com.evaa.chat.test.book_appointment_suceessfuly" name="Disable_ensurance_required_from_admin" time="21.353"/>
  <system-out/>
</testsuite> <!-- com.evaa.chat.test.book_appointment_suceessfuly -->
