<?xml version="1.0" encoding="UTF-8"?>
<!-- Generated by org.testng.reporters.JUnitReportReporter -->
<testsuite hostname="FIC-I7KL93" failures="0" tests="3" name="com.evaa.chatbot.BookAppointmentSuccessfullyTest" time="88.661" errors="0" timestamp="2025-06-02T17:44:24 IST" skipped="1">
  <testcase classname="com.evaa.chatbot.BookAppointmentSuccessfullyTest" name="Disable_ensurance_required_from_admin" time="39.284"/>
  <system-out/>
  <testcase classname="com.evaa.chatbot.BookAppointmentSuccessfullyTest" name="Test_book_appointment_without_insurance" time="49.377"/>
  <system-out/>
  <testcase classname="com.evaa.chatbot.BookAppointmentSuccessfullyTest" name="verify_detail_on_maximeyes_site">
    <skipped/>
  </testcase> <!-- verify_detail_on_maximeyes_site -->
  <system-out/>
</testsuite> <!-- com.evaa.chatbot.BookAppointmentSuccessfullyTest -->
