<?xml version="1.0" encoding="UTF-8"?>
<!-- Generated by org.testng.reporters.JUnitReportReporter -->
<testsuite hostname="FIC-I7KL93" failures="0" tests="9" name="com.evaa.chatbot.AppointmentCancelTest" time="245.849" errors="0" timestamp="2025-06-11T15:39:03 IST" skipped="3">
  <testcase classname="com.evaa.chatbot.AppointmentCancelTest" name="enableCancelAppointmentSettingsFromAdmin" time="21.266"/>
  <system-out/>
  <testcase classname="com.evaa.chatbot.AppointmentCancelTest" name="bookAppointment" time="42.864"/>
  <system-out/>
  <testcase classname="com.evaa.chatbot.AppointmentCancelTest" name="bookAppointment" time="56.052">
    <skipped/>
  </testcase> <!-- bookAppointment -->
  <system-out/>
  <testcase classname="com.evaa.chatbot.AppointmentCancelTest" name="cancelAppointmentForExistingPatient" time="51.156"/>
  <system-out/>
  <testcase classname="com.evaa.chatbot.AppointmentCancelTest" name="cancelAppointmentForNewPatient" time="41.841"/>
  <system-out/>
  <testcase classname="com.evaa.chatbot.AppointmentCancelTest" name="cancelAppointmentForNewPatient" time="8.214">
    <skipped/>
  </testcase> <!-- cancelAppointmentForNewPatient -->
  <system-out/>
  <testcase classname="com.evaa.chatbot.AppointmentCancelTest" name="DisableCancelAppointmentSettingsInPreferences" time="4.977">
    <skipped/>
  </testcase> <!-- DisableCancelAppointmentSettingsInPreferences -->
  <system-out/>
  <testcase classname="com.evaa.chatbot.AppointmentCancelTest" name="DisableCancelAppointmentSettingsInPreferences" time="12.401"/>
  <system-out/>
  <testcase classname="com.evaa.chatbot.AppointmentCancelTest" name="TestCancelAppointmentDisable" time="7.078"/>
  <system-out/>
</testsuite> <!-- com.evaa.chatbot.AppointmentCancelTest -->
