<?xml version="1.0" encoding="UTF-8"?>
<!-- Generated by org.testng.reporters.JUnitReportReporter -->
<testsuite hostname="FIC-I7KL93" failures="0" tests="1" name="com.evaa.chatbot.AppointmentCancelTest" time="32.821" errors="0" timestamp="2025-06-05T11:35:41 IST" skipped="0">
  <testcase classname="com.evaa.chatbot.AppointmentCancelTest" name="Test_appointment_cancel_for_new_patient" time="32.821"/>
  <system-out/>
</testsuite> <!-- com.evaa.chatbot.AppointmentCancelTest -->
