<?xml version="1.0" encoding="UTF-8"?>
<!-- Generated by org.testng.reporters.JUnitReportReporter -->
<testsuite hostname="FIC-I7KL93" failures="0" tests="3" name="com.evaa.chatbot.BookAppointmentSuccessfullyWithInsuranceTest" time="0.000" errors="0" timestamp="2025-06-17T17:37:13 IST" skipped="3">
  <testcase classname="com.evaa.chatbot.BookAppointmentSuccessfullyWithInsuranceTest" name="Enable_ensurance_required_from_admin" time="0.000">
    <skipped/>
  </testcase> <!-- Enable_ensurance_required_from_admin -->
  <system-out/>
  <testcase classname="com.evaa.chatbot.BookAppointmentSuccessfullyWithInsuranceTest" name="Test_book_appointment_with_insurance" time="0.000">
    <skipped/>
  </testcase> <!-- Test_book_appointment_with_insurance -->
  <system-out/>
  <testcase classname="com.evaa.chatbot.BookAppointmentSuccessfullyWithInsuranceTest" name="verify_detail_on_maximeyes_site">
    <skipped/>
  </testcase> <!-- verify_detail_on_maximeyes_site -->
  <system-out/>
</testsuite> <!-- com.evaa.chatbot.BookAppointmentSuccessfullyWithInsuranceTest -->
