<?xml version="1.0" encoding="UTF-8"?>
<!-- Generated by org.testng.reporters.JUnitReportReporter -->
<testsuite hostname="FIC-I7KL93" failures="0" tests="1" name="com.evaa.chatbot.OpticalOrderCheckTest" time="22.542" errors="0" timestamp="2025-06-12T18:05:59 IST" skipped="0">
  <testcase classname="com.evaa.chatbot.OpticalOrderCheckTest" name="enableOpticalOrderCheckSettingsFromAdmin" time="22.542"/>
  <system-out/>
</testsuite> <!-- com.evaa.chatbot.OpticalOrderCheckTest -->
