<?xml version="1.0" encoding="UTF-8"?>
<!-- Generated by org.testng.reporters.JUnitReportReporter -->
<testsuite hostname="FIC-I7KL93" failures="0" tests="4" name="com.evaa.chatbot.OpticalOrderCheckTest" time="0.000" errors="0" timestamp="2025-06-17T17:37:13 IST" skipped="4">
  <testcase classname="com.evaa.chatbot.OpticalOrderCheckTest" name="enableOpticalOrderCheckSettingsFromAdmin" time="0.000">
    <skipped/>
  </testcase> <!-- enableOpticalOrderCheckSettingsFromAdmin -->
  <system-out/>
  <testcase classname="com.evaa.chatbot.OpticalOrderCheckTest" name="check_optical_order_status_for_new_user" time="0.000">
    <skipped/>
  </testcase> <!-- check_optical_order_status_for_new_user -->
  <system-out/>
  <testcase classname="com.evaa.chatbot.OpticalOrderCheckTest" name="DisableOpticalOrderCheckSettingsFromAdmin" time="0.000">
    <skipped/>
  </testcase> <!-- DisableOpticalOrderCheckSettingsFromAdmin -->
  <system-out/>
  <testcase classname="com.evaa.chatbot.OpticalOrderCheckTest" name="checkOpticlOrderShouldNotInitiateAfterDisableFromEvaaAdmin" time="0.000">
    <skipped/>
  </testcase> <!-- checkOpticlOrderShouldNotInitiateAfterDisableFromEvaaAdmin -->
  <system-out/>
</testsuite> <!-- com.evaa.chatbot.OpticalOrderCheckTest -->
