<?xml version="1.0" encoding="UTF-8"?>
<!-- Generated by org.testng.reporters.JUnitReportReporter -->
<testsuite hostname="FIC-I7KL93" failures="0" tests="2" name="com.evaa.chatbot.PrimaryInformationValidationTest" time="61.036" errors="0" timestamp="2025-06-23T12:46:30 IST" skipped="0">
  <testcase classname="com.evaa.chatbot.PrimaryInformationValidationTest" name="enableCancelAppointmentSettingsFromAdmin" time="24.780"/>
  <system-out/>
  <testcase classname="com.evaa.chatbot.PrimaryInformationValidationTest" name="validating_error_msg_on_primary_information_page_for_all_mandatory_fields" time="36.256"/>
  <system-out/>
</testsuite> <!-- com.evaa.chatbot.PrimaryInformationValidationTest -->
