<?xml version="1.0" encoding="UTF-8"?>
<!-- Generated by org.testng.reporters.JUnitReportReporter -->
<testsuite hostname="FIC-I7KL93" failures="0" tests="1" name="com.evaa.chatbot.SendTranscriptionTest" time="77.716" errors="0" timestamp="2025-06-12T11:08:46 IST" skipped="0">
  <testcase classname="com.evaa.chatbot.SendTranscriptionTest" name="Test_send_transcription_is_working" time="77.716"/>
  <system-out/>
</testsuite> <!-- com.evaa.chatbot.SendTranscriptionTest -->
