<?xml version="1.0" encoding="UTF-8"?>
<!-- Generated by org.testng.reporters.JUnitReportReporter -->
<testsuite hostname="FIC-I7KL93" failures="0" tests="2" name="com.evaa.chatbot.BookAppointmentSuccessfullyTest" time="52.192" errors="0" timestamp="2025-06-23T13:14:51 IST" skipped="1">
  <testcase classname="com.evaa.chatbot.BookAppointmentSuccessfullyTest" name="Test_book_appointment_without_insurance" time="52.192"/>
  <system-out/>
  <testcase classname="com.evaa.chatbot.BookAppointmentSuccessfullyTest" name="verify_detail_on_maximeyes_site">
    <skipped/>
  </testcase> <!-- verify_detail_on_maximeyes_site -->
  <system-out/>
</testsuite> <!-- com.evaa.chatbot.BookAppointmentSuccessfullyTest -->
