<?xml version="1.0" encoding="UTF-8"?>
<!-- Generated by org.testng.reporters.JUnitReportReporter -->
<testsuite hostname="FIC-I7KL93" failures="0" tests="4" name="com.evaa.chatbot.AppointmentStatusTest" time="119.798" errors="0" timestamp="2025-06-11T15:39:03 IST" skipped="0">
  <testcase classname="com.evaa.chatbot.AppointmentStatusTest" name="Enable_status_checking_from_admin" time="22.535"/>
  <system-out/>
  <testcase classname="com.evaa.chatbot.AppointmentStatusTest" name="Test_book_appointment_without_insurance" time="52.032"/>
  <system-out/>
  <testcase classname="com.evaa.chatbot.AppointmentStatusTest" name="Test_appointment_status_for_existing_patient" time="22.799"/>
  <system-out/>
  <testcase classname="com.evaa.chatbot.AppointmentStatusTest" name="Test_appointment_status_for_new_patient" time="22.432"/>
  <system-out/>
</testsuite> <!-- com.evaa.chatbot.AppointmentStatusTest -->
