<?xml version="1.0" encoding="UTF-8"?>
<!-- Generated by org.testng.reporters.JUnitReportReporter -->
<testsuite hostname="FIC-I7KL93" failures="0" tests="1" name="com.evaa.chatbot.AppointmentCancelTest" time="24.896" errors="0" timestamp="2025-06-05T12:45:38 IST" skipped="0">
  <testcase classname="com.evaa.chatbot.AppointmentCancelTest" name="Enable_cancel_appointment_settings_from_admin" time="24.896"/>
  <system-out/>
</testsuite> <!-- com.evaa.chatbot.AppointmentCancelTest -->
