<?xml version="1.0" encoding="UTF-8"?>
<!-- Generated by org.testng.reporters.JUnitReportReporter -->
<testsuite hostname="FIC-I7KL93" failures="0" tests="1" name="com.evaa.chatbot.RescheduleAppointmentTest" time="87.577" errors="0" timestamp="2025-06-12T18:53:18 IST" skipped="0">
  <testcase classname="com.evaa.chatbot.RescheduleAppointmentTest" name="Test_Reschedule_an_appointment_for_new_user" time="87.577"/>
  <system-out/>
</testsuite> <!-- com.evaa.chatbot.RescheduleAppointmentTest -->
