<?xml version="1.0" encoding="UTF-8"?>
<!-- Generated by org.testng.reporters.JUnitReportReporter -->
<testsuite hostname="FIC-I7KL93" failures="0" tests="2" name="com.evaa.chatbot.BookAppointmentSuccessfullyWithInsuranceTest" time="33.799" errors="0" timestamp="2025-06-04T18:01:12 IST" skipped="1">
  <testcase classname="com.evaa.chatbot.BookAppointmentSuccessfullyWithInsuranceTest" name="Test_appointment_status_for_new_patient" time="33.799"/>
  <system-out/>
  <testcase classname="com.evaa.chatbot.BookAppointmentSuccessfullyWithInsuranceTest" name="verify_detail_on_maximeyes_site">
    <skipped/>
  </testcase> <!-- verify_detail_on_maximeyes_site -->
  <system-out/>
</testsuite> <!-- com.evaa.chatbot.BookAppointmentSuccessfullyWithInsuranceTest -->
