<?xml version="1.0" encoding="UTF-8"?>
<!-- Generated by org.testng.reporters.JUnitReportReporter -->
<testsuite hostname="FIC-I7KL93" failures="0" tests="4" name="com.evaa.chatbot.AppointmentStatusTest" time="163.138" errors="0" timestamp="2025-06-05T10:27:22 IST" skipped="0">
  <testcase classname="com.evaa.chatbot.AppointmentStatusTest" name="Enable_status_checking_from_admin" time="19.079"/>
  <system-out/>
  <testcase classname="com.evaa.chatbot.AppointmentStatusTest" name="Test_book_appointment_without_insurance" time="42.812"/>
  <system-out/>
  <testcase classname="com.evaa.chatbot.AppointmentStatusTest" name="Test_appointment_status_for_existing_patient" time="45.742"/>
  <system-out/>
  <testcase classname="com.evaa.chatbot.AppointmentStatusTest" name="Test_appointment_status_for_new_patient" time="55.505"/>
  <system-out/>
</testsuite> <!-- com.evaa.chatbot.AppointmentStatusTest -->
