<?xml version="1.0" encoding="UTF-8"?>
<!-- Generated by org.testng.reporters.JUnitReportReporter -->
<testsuite hostname="FIC-I7KL93" failures="0" tests="3" name="com.evaa.chatbot.bookappointment.book_appointment_suceessfuly" time="77.040" errors="0" timestamp="2025-05-23T17:55:53 IST" skipped="1">
  <testcase classname="com.evaa.chatbot.bookappointment.book_appointment_suceessfuly" name="Disable_ensurance_required_from_admin" time="24.055"/>
  <system-out/>
  <testcase classname="com.evaa.chatbot.bookappointment.book_appointment_suceessfuly" name="Test_book_appointment_without_insurance" time="52.985"/>
  <system-out/>
  <testcase classname="com.evaa.chatbot.bookappointment.book_appointment_suceessfuly" name="verify_detail_on_maximeyes_site">
    <skipped/>
  </testcase> <!-- verify_detail_on_maximeyes_site -->
  <system-out/>
</testsuite> <!-- com.evaa.chatbot.bookappointment.book_appointment_suceessfuly -->
