<?xml version="1.0" encoding="UTF-8"?>
<!-- Generated by org.testng.reporters.JUnitReportReporter -->
<testsuite hostname="FIC-I7KL93" failures="0" tests="4" name="com.evaa.chatbot.AppointmentStatusTest" time="0.000" errors="0" timestamp="2025-06-17T17:37:13 IST" skipped="4">
  <testcase classname="com.evaa.chatbot.AppointmentStatusTest" name="Enable_status_checking_from_admin" time="0.000">
    <skipped/>
  </testcase> <!-- Enable_status_checking_from_admin -->
  <system-out/>
  <testcase classname="com.evaa.chatbot.AppointmentStatusTest" name="Test_book_appointment_without_insurance" time="0.000">
    <skipped/>
  </testcase> <!-- Test_book_appointment_without_insurance -->
  <system-out/>
  <testcase classname="com.evaa.chatbot.AppointmentStatusTest" name="Test_appointment_status_for_existing_patient" time="0.000">
    <skipped/>
  </testcase> <!-- Test_appointment_status_for_existing_patient -->
  <system-out/>
  <testcase classname="com.evaa.chatbot.AppointmentStatusTest" name="Test_appointment_status_for_new_patient" time="0.000">
    <skipped/>
  </testcase> <!-- Test_appointment_status_for_new_patient -->
  <system-out/>
</testsuite> <!-- com.evaa.chatbot.AppointmentStatusTest -->
