<?xml version="1.0" encoding="UTF-8"?>
<!-- Generated by org.testng.reporters.JUnitReportReporter -->
<testsuite hostname="FIC-I7KL93" failures="0" tests="5" name="com.evaa.chatbot.SendTranscriptionTest" time="207.066" errors="0" timestamp="2025-06-23T12:46:30 IST" skipped="0">
  <testcase classname="com.evaa.chatbot.SendTranscriptionTest" name="Test_enable_cancel_appointment_settings_from_admin" time="28.650"/>
  <system-out/>
  <testcase classname="com.evaa.chatbot.SendTranscriptionTest" name="Test_ideal_time_out_msg_after_2_minutes" time="149.869"/>
  <system-out/>
  <testcase classname="com.evaa.chatbot.SendTranscriptionTest" name="Test_send_transcription_is_working" time="14.615"/>
  <system-out/>
  <testcase classname="com.evaa.chatbot.SendTranscriptionTest" name="Test_show_error_when_sending_transcription_with_empty_email" time="7.498"/>
  <system-out/>
  <testcase classname="com.evaa.chatbot.SendTranscriptionTest" name="Test_show_error_when_transcription_sent_with_invalid_email" time="6.434"/>
  <system-out/>
</testsuite> <!-- com.evaa.chatbot.SendTranscriptionTest -->
