<?xml version="1.0" encoding="UTF-8"?>
<!-- Generated by org.testng.reporters.JUnitReportReporter -->
<testsuite hostname="FIC-I7KL93" failures="0" tests="6" name="com.evaa.chatbot.AppointmentCancelTest" time="0.000" errors="0" timestamp="2025-06-17T17:37:13 IST" skipped="6">
  <testcase classname="com.evaa.chatbot.AppointmentCancelTest" name="enableCancelAppointmentSettingsFromAdmin" time="0.000">
    <skipped/>
  </testcase> <!-- enableCancelAppointmentSettingsFromAdmin -->
  <system-out/>
  <testcase classname="com.evaa.chatbot.AppointmentCancelTest" name="cancelAppointmentForNewPatient" time="0.000">
    <skipped/>
  </testcase> <!-- cancelAppointmentForNewPatient -->
  <system-out/>
  <testcase classname="com.evaa.chatbot.AppointmentCancelTest" name="bookAppointment" time="0.000">
    <skipped/>
  </testcase> <!-- bookAppointment -->
  <system-out/>
  <testcase classname="com.evaa.chatbot.AppointmentCancelTest" name="cancelAppointmentForExistingPatient" time="0.000">
    <skipped/>
  </testcase> <!-- cancelAppointmentForExistingPatient -->
  <system-out/>
  <testcase classname="com.evaa.chatbot.AppointmentCancelTest" name="DisableCancelAppointmentSettingsInPreferences" time="0.000">
    <skipped/>
  </testcase> <!-- DisableCancelAppointmentSettingsInPreferences -->
  <system-out/>
  <testcase classname="com.evaa.chatbot.AppointmentCancelTest" name="TestCancelAppointmentDisable" time="0.000">
    <skipped/>
  </testcase> <!-- TestCancelAppointmentDisable -->
  <system-out/>
</testsuite> <!-- com.evaa.chatbot.AppointmentCancelTest -->
