<?xml version="1.0" encoding="UTF-8"?>
<!-- Generated by org.testng.reporters.JUnitReportReporter -->
<testsuite hostname="FIC-I7KL93" failures="0" tests="8" name="com.evaa.chatbot.RescheduleAppointmentTest" time="378.620" errors="0" timestamp="2025-06-23T12:46:30 IST" skipped="2">
  <testcase classname="com.evaa.chatbot.RescheduleAppointmentTest" name="Enable_Reschedule_from_admin" time="33.384"/>
  <system-out/>
  <testcase classname="com.evaa.chatbot.RescheduleAppointmentTest" name="Test_Reschedule_an_appointment_for_new_user" time="37.623"/>
  <system-out/>
  <testcase classname="com.evaa.chatbot.RescheduleAppointmentTest" name="bookAppointment" time="38.199"/>
  <system-out/>
  <testcase classname="com.evaa.chatbot.RescheduleAppointmentTest" name="RescheduleAppointmentforExistingUser" time="37.118"/>
  <system-out/>
  <testcase classname="com.evaa.chatbot.RescheduleAppointmentTest" name="Disable_Reschedule_from_admin" time="14.902">
    <skipped/>
  </testcase> <!-- Disable_Reschedule_from_admin -->
  <system-out/>
  <testcase classname="com.evaa.chatbot.RescheduleAppointmentTest" name="Disable_Reschedule_from_admin" time="115.176"/>
  <system-out/>
  <testcase classname="com.evaa.chatbot.RescheduleAppointmentTest" name="TestRescheduleAppointmentDisabled" time="88.745">
    <skipped/>
  </testcase> <!-- TestRescheduleAppointmentDisabled -->
  <system-out/>
  <testcase classname="com.evaa.chatbot.RescheduleAppointmentTest" name="TestRescheduleAppointmentDisabled" time="13.473"/>
  <system-out/>
</testsuite> <!-- com.evaa.chatbot.RescheduleAppointmentTest -->
