<?xml version="1.0" encoding="UTF-8"?>
<!-- Generated by org.testng.reporters.JUnitReportReporter -->
<testsuite hostname="FIC-I7KL93" failures="0" tests="3" name="com.evaa.chatbot.BookAppointmentSuccessfullyWithInsuranceTest" time="84.241" errors="0" timestamp="2025-06-11T15:39:03 IST" skipped="1">
  <testcase classname="com.evaa.chatbot.BookAppointmentSuccessfullyWithInsuranceTest" name="Enable_ensurance_required_from_admin" time="23.515"/>
  <system-out/>
  <testcase classname="com.evaa.chatbot.BookAppointmentSuccessfullyWithInsuranceTest" name="Test_book_appointment_with_insurance" time="60.726"/>
  <system-out/>
  <testcase classname="com.evaa.chatbot.BookAppointmentSuccessfullyWithInsuranceTest" name="verify_detail_on_maximeyes_site">
    <skipped/>
  </testcase> <!-- verify_detail_on_maximeyes_site -->
  <system-out/>
</testsuite> <!-- com.evaa.chatbot.BookAppointmentSuccessfullyWithInsuranceTest -->
